<?xml version="1.0" encoding="utf-8" standalone="no"?>
<!--This file represents the results of running a test suite-->
<test-results name="C:\Project\Branches\datalayers\SPPIDDataLayer\SPPIDDataLayer.NUnit\bin\Debug\Tests.dll" total="10" errors="0" failures="10" not-run="0" inconclusive="0" ignored="0" skipped="0" invalid="0" date="2012-06-07" time="19:18:29">
  <environment nunit-version="2.5.8.10295" clr-version="2.0.50727.5456" os-version="Microsoft Windows NT 6.1.7601 Service Pack 1" platform="Win32NT" cwd="C:\Project\Branches\datalayers\SPPIDDataLayer" machine-name="NDHD06635" user="nbhardwa" user-domain="IEAMS" />
  <culture-info current-culture="en-US" current-uiculture="en-US" />
  <test-suite type="Assembly" name="C:\Project\Branches\datalayers\SPPIDDataLayer\SPPIDDataLayer.NUnit\bin\Debug\Tests.dll" executed="True" result="Failure" success="False" time="0.308" asserts="0">
    <results>
      <test-suite type="Namespace" name="Tests" executed="True" result="Failure" success="False" time="0.276" asserts="0">
        <results>
          <test-suite type="TestFixture" name="Test" executed="True" result="Error" success="False" time="0.258" asserts="0">
            <failure>
              <message><![CDATA[SetUp : System.BadImageFormatException : Could not load file or assembly 'Oracle.DataAccess, Version=4.112.3.0, Culture=neutral, PublicKeyToken=89b483f429c47342' or one of its dependencies. An attempt was made to load a program with an incorrect format.]]></message>
              <stack-trace><![CDATA[at Tests.Test..ctor()
]]></stack-trace>
            </failure>
            <results>
              <test-case name="Tests.Test.TestGetCountWithFilter" executed="True" result="Failure" success="False" time="0.000" asserts="0">
                <failure>
                  <message><![CDATA[TestFixtureSetUp failed in Test]]></message>
                  <stack-trace />
                </failure>
              </test-case>
              <test-case name="Tests.Test.TestGetDictionary" executed="True" result="Failure" success="False" time="0.000" asserts="0">
                <failure>
                  <message><![CDATA[TestFixtureSetUp failed in Test]]></message>
                  <stack-trace />
                </failure>
              </test-case>
              <test-case name="Tests.Test.TestGetIdentifiersWithFilter" executed="True" result="Failure" success="False" time="0.000" asserts="0">
                <failure>
                  <message><![CDATA[TestFixtureSetUp failed in Test]]></message>
                  <stack-trace />
                </failure>
              </test-case>
              <test-case name="Tests.Test.TestGetObjects" executed="True" result="Failure" success="False" time="0.000" asserts="0">
                <failure>
                  <message><![CDATA[TestFixtureSetUp failed in Test]]></message>
                  <stack-trace />
                </failure>
              </test-case>
              <test-case name="Tests.Test.TestGetPage" executed="True" result="Failure" success="False" time="0.000" asserts="0">
                <failure>
                  <message><![CDATA[TestFixtureSetUp failed in Test]]></message>
                  <stack-trace />
                </failure>
              </test-case>
              <test-case name="Tests.Test.TestGetPageWithFilter" executed="True" result="Failure" success="False" time="0.000" asserts="0">
                <failure>
                  <message><![CDATA[TestFixtureSetUp failed in Test]]></message>
                  <stack-trace />
                </failure>
              </test-case>
              <test-case name="Tests.Test.TestGetTotalCount" executed="True" result="Failure" success="False" time="0.000" asserts="0">
                <failure>
                  <message><![CDATA[TestFixtureSetUp failed in Test]]></message>
                  <stack-trace />
                </failure>
              </test-case>
              <test-case name="Tests.Test.TestGetWithIdentifiers" executed="True" result="Failure" success="False" time="0.000" asserts="0">
                <failure>
                  <message><![CDATA[TestFixtureSetUp failed in Test]]></message>
                  <stack-trace />
                </failure>
              </test-case>
              <test-case name="Tests.Test.TestRefresh" executed="True" result="Failure" success="False" time="0.000" asserts="0">
                <failure>
                  <message><![CDATA[TestFixtureSetUp failed in Test]]></message>
                  <stack-trace />
                </failure>
              </test-case>
              <test-case name="Tests.Test.TestRefreshAll" executed="True" result="Failure" success="False" time="0.000" asserts="0">
                <failure>
                  <message><![CDATA[TestFixtureSetUp failed in Test]]></message>
                  <stack-trace />
                </failure>
              </test-case>
            </results>
          </test-suite>
        </results>
      </test-suite>
    </results>
  </test-suite>
</test-results>